<?xml version="1.0" encoding="UTF-8"?>
<testsuite xmlns:xsi="http://www.w3.org/2001/XMLSchema-instance" xsi:noNamespaceSchemaLocation="https://maven.apache.org/surefire/maven-surefire-plugin/xsd/surefire-test-report-3.0.xsd" version="3.0" name="runners.SmokeRunner" time="9.543" tests="1" errors="0" skipped="0" failures="0">
  <properties>
[...]
</properties>
  <testcase name="Valid Admin Login" classname="Login functionality" time="8.893">
    <system-out><![CDATA[
@sprint1 @tc1101
Scenario: Valid Admin Login                          # src/test/resources/features/Login.feature:3
  When user enters valid username and valid password # steps.LoginSteps.user_enters_valid_username_and_valid_password()
  And user clicks on login button                    # steps.LoginSteps.user_clicks_on_login_button()
Test case is passed
  Then user is successfully logged in                # steps.LoginSteps.user_is_successfully_logged_in()

    Embedding Valid Admin Login [image/png 62931 bytes]

]]></system-out>
    <system-err><![CDATA[SLF4J: Failed to load class "org.slf4j.impl.StaticLoggerBinder".
SLF4J: Defaulting to no-operation (NOP) logger implementation
SLF4J: See http://www.slf4j.org/codes.html#StaticLoggerBinder for further details.
Starting ChromeDriver 109.0.5414.74 (e7c5703604daa9cc128ccf5a5d3e993513758913-refs/branch-heads/5414@{#1172}) on port 41164
Only local connections are allowed.
Please see https://chromedriver.chromium.org/security-considerations for suggestions on keeping ChromeDriver safe.
ChromeDriver was started successfully.
Jan 31, 2023 12:45:00 AM org.openqa.selenium.remote.ProtocolHandshake createSession
INFO: Detected dialect: W3C
log4j:WARN Continuable parsing error 5 and column 84
log4j:WARN Attribute "xmlns:log4j" with value "https://jakarta.apache.org/log4j/" must have a value of "http://jakarta.apache.org/log4j/".
Jan 31, 2023 12:45:04 AM utils.Log startTestCase
INFO: **********************************
Jan 31, 2023 12:45:04 AM utils.Log startTestCase
INFO: *****************************************
Jan 31, 2023 12:45:04 AM utils.Log startTestCase
INFO: ############   My first test case is Login test ################
Jan 31, 2023 12:45:04 AM utils.Log startTestCase
INFO: **********************************
Jan 31, 2023 12:45:04 AM utils.Log startTestCase
INFO: *****************************************
Jan 31, 2023 12:45:04 AM utils.Log info
INFO: My login test is going on
Jan 31, 2023 12:45:04 AM utils.Log warning
INFO: My test case might be failed
Jan 31, 2023 12:45:08 AM utils.Log info
INFO: My test case is about to complete
Jan 31, 2023 12:45:08 AM utils.Log endTestCase
INFO: ##################################
Jan 31, 2023 12:45:08 AM utils.Log endTestCase
INFO: ##########################################
Jan 31, 2023 12:45:08 AM utils.Log endTestCase
INFO: ############   This is my login test again ################
Jan 31, 2023 12:45:08 AM utils.Log endTestCase
INFO: ##########################
Jan 31, 2023 12:45:08 AM utils.Log endTestCase
INFO: ##########################################
]]></system-err>
  </testcase>
</testsuite>